TeamCode/build/outputs/logs/manifest-merger-debug-report.txt
-- Merging decision tree log ---
manifest
ADDED from src/main/AndroidManifest.xml:8:1-12:12
	package
		ADDED from src/main/AndroidManifest.xml:9:5-45
		INJECTED from src/main/AndroidManifest.xml
		INJECTED from src/main/AndroidManifest.xml
	android:versionName
		INJECTED from src/main/AndroidManifest.xml
		INJECTED from src/main/AndroidManifest.xml
	xmlns:android
		ADDED from src/main/AndroidManifest.xml:10:5-63
	android:versionCode
		INJECTED from src/main/AndroidManifest.xml
		INJECTED from src/main/AndroidManifest.xml
application
ADDED from src/main/AndroidManifest.xml:11:5-19
MERGED from [StandardModel_17-18:FtcRobotController:unspecified] AndroidManifest.xml:14:5-45:19
MERGED from [:Inspection-release:] AndroidManifest.xml:19:5-30:19
MERGED from [:Blocks-release:] AndroidManifest.xml:18:5-39:19
MERGED from [:RobotCore-release:] AndroidManifest.xml:67:5-86:19
MERGED from [:FtcCommon-release:] AndroidManifest.xml:22:5-222:19
MERGED from [:Analytics-release:] AndroidManifest.xml:19:5-24:19
	android:label
		ADDED from [StandardModel_17-18:FtcRobotController:unspecified] AndroidManifest.xml:17:9-41
	android:exported
		ADDED from [:Analytics-release:] AndroidManifest.xml:21:9-32
	android:allowBackup
		ADDED from [StandardModel_17-18:FtcRobotController:unspecified] AndroidManifest.xml:15:9-35
	android:icon
		ADDED from [StandardModel_17-18:FtcRobotController:unspecified] AndroidManifest.xml:16:9-45
	android:largeHeap
		ADDED from [StandardModel_17-18:FtcRobotController:unspecified] AndroidManifest.xml:18:9-33
	android:theme
		ADDED from [StandardModel_17-18:FtcRobotController:unspecified] AndroidManifest.xml:19:9-45
	android:name
		ADDED from [:RobotCore-release:] AndroidManifest.xml:67:18-97
uses-sdk
INJECTED from src/main/AndroidManifest.xml reason: use-sdk injection requested
MERGED from [StandardModel_17-18:FtcRobotController:unspecified] AndroidManifest.xml:8:5-10:41
MERGED from [:Inspection-release:] AndroidManifest.xml:7:5-9:41
MERGED from [:Blocks-release:] AndroidManifest.xml:7:5-9:41
MERGED from [:RobotCore-release:] AndroidManifest.xml:7:5-9:41
MERGED from [:Hardware-release:] AndroidManifest.xml:7:5-9:41
MERGED from [:FtcCommon-release:] AndroidManifest.xml:8:5-10:41
MERGED from [:Analytics-release:] AndroidManifest.xml:5:5-7:41
MERGED from [:WirelessP2p-release:] AndroidManifest.xml:5:5-7:41
	android:targetSdkVersion
		INJECTED from src/main/AndroidManifest.xml
		INJECTED from src/main/AndroidManifest.xml
	android:minSdkVersion
		INJECTED from src/main/AndroidManifest.xml
		INJECTED from src/main/AndroidManifest.xml
uses-permission#android.permission.RECEIVE_BOOT_COMPLETED
ADDED from [StandardModel_17-18:FtcRobotController:unspecified] AndroidManifest.xml:12:5-81
	android:name
		ADDED from [StandardModel_17-18:FtcRobotController:unspecified] AndroidManifest.xml:12:22-78
activity#org.firstinspires.ftc.robotcontroller.internal.FtcRobotControllerActivity
ADDED from [StandardModel_17-18:FtcRobotController:unspecified] AndroidManifest.xml:22:9-39:20
	android:label
		ADDED from [StandardModel_17-18:FtcRobotController:unspecified] AndroidManifest.xml:25:13-45
	android:launchMode
		ADDED from [StandardModel_17-18:FtcRobotController:unspecified] AndroidManifest.xml:26:13-44
	android:configChanges
		ADDED from [StandardModel_17-18:FtcRobotController:unspecified] AndroidManifest.xml:24:13-59
	android:name
		ADDED from [StandardModel_17-18:FtcRobotController:unspecified] AndroidManifest.xml:23:13-101
intent-filter#android.intent.action.MAIN+android.intent.category.LAUNCHER
ADDED from [StandardModel_17-18:FtcRobotController:unspecified] AndroidManifest.xml:27:13-31:29
category#android.intent.category.LAUNCHER
ADDED from [StandardModel_17-18:FtcRobotController:unspecified] AndroidManifest.xml:28:17-77
	android:name
		ADDED from [StandardModel_17-18:FtcRobotController:unspecified] AndroidManifest.xml:28:27-74
action#android.intent.action.MAIN
ADDED from [StandardModel_17-18:FtcRobotController:unspecified] AndroidManifest.xml:30:17-69
	android:name
		ADDED from [StandardModel_17-18:FtcRobotController:unspecified] AndroidManifest.xml:30:25-66
intent-filter#android.hardware.usb.action.USB_DEVICE_ATTACHED
ADDED from [StandardModel_17-18:FtcRobotController:unspecified] AndroidManifest.xml:32:13-34:29
action#android.hardware.usb.action.USB_DEVICE_ATTACHED
ADDED from [StandardModel_17-18:FtcRobotController:unspecified] AndroidManifest.xml:33:17-90
	android:name
		ADDED from [StandardModel_17-18:FtcRobotController:unspecified] AndroidManifest.xml:33:25-87
meta-data#android.hardware.usb.action.USB_DEVICE_ATTACHED
ADDED from [StandardModel_17-18:FtcRobotController:unspecified] AndroidManifest.xml:36:13-38:57
	android:resource
		ADDED from [StandardModel_17-18:FtcRobotController:unspecified] AndroidManifest.xml:38:17-54
	android:name
		ADDED from [StandardModel_17-18:FtcRobotController:unspecified] AndroidManifest.xml:37:17-79
service#com.qualcomm.ftccommon.FtcRobotControllerService
ADDED from [StandardModel_17-18:FtcRobotController:unspecified] AndroidManifest.xml:42:9-44:38
	android:enabled
		ADDED from [StandardModel_17-18:FtcRobotController:unspecified] AndroidManifest.xml:44:13-35
	android:name
		ADDED from [StandardModel_17-18:FtcRobotController:unspecified] AndroidManifest.xml:43:13-76
uses-permission#android.permission.ACCESS_WIFI_STATE
ADDED from [:Inspection-release:] AndroidManifest.xml:11:5-76
MERGED from [:RobotCore-release:] AndroidManifest.xml:11:5-13:35
	android:required
		ADDED from [:RobotCore-release:] AndroidManifest.xml:13:9-32
	android:name
		ADDED from [:Inspection-release:] AndroidManifest.xml:11:22-73
uses-permission#android.permission.BLUETOOTH_ADMIN
ADDED from [:Inspection-release:] AndroidManifest.xml:12:5-74
	android:name
		ADDED from [:Inspection-release:] AndroidManifest.xml:12:22-71
uses-permission#android.permission.CHANGE_WIFI_STATE
ADDED from [:Inspection-release:] AndroidManifest.xml:13:5-76
MERGED from [:RobotCore-release:] AndroidManifest.xml:14:5-16:35
MERGED from [:WirelessP2p-release:] AndroidManifest.xml:9:5-76
	android:required
		ADDED from [:RobotCore-release:] AndroidManifest.xml:16:9-32
	android:name
		ADDED from [:Inspection-release:] AndroidManifest.xml:13:22-73
uses-permission#android.permission.CHANGE_NETWORK_STATE
ADDED from [:Inspection-release:] AndroidManifest.xml:14:5-79
MERGED from [:RobotCore-release:] AndroidManifest.xml:21:5-23:35
	android:required
		ADDED from [:RobotCore-release:] AndroidManifest.xml:23:9-32
	android:name
		ADDED from [:Inspection-release:] AndroidManifest.xml:14:22-76
uses-permission#android.permission.INTERNET
ADDED from [:Inspection-release:] AndroidManifest.xml:15:5-67
MERGED from [:RobotCore-release:] AndroidManifest.xml:24:5-26:35
MERGED from [:Analytics-release:] AndroidManifest.xml:12:5-14:35
	android:required
		ADDED from [:RobotCore-release:] AndroidManifest.xml:26:9-32
	android:name
		ADDED from [:Inspection-release:] AndroidManifest.xml:15:22-64
uses-permission#android.permission.ACCESS_NETWORK_STATE
ADDED from [:Inspection-release:] AndroidManifest.xml:16:5-79
MERGED from [:RobotCore-release:] AndroidManifest.xml:18:5-20:35
MERGED from [:Analytics-release:] AndroidManifest.xml:15:5-17:35
	android:required
		ADDED from [:RobotCore-release:] AndroidManifest.xml:20:9-32
	android:name
		ADDED from [:Inspection-release:] AndroidManifest.xml:16:22-76
uses-permission#android.permission.BLUETOOTH
ADDED from [:Inspection-release:] AndroidManifest.xml:17:5-68
MERGED from [:RobotCore-release:] AndroidManifest.xml:17:5-68
	android:name
		ADDED from [:Inspection-release:] AndroidManifest.xml:17:22-65
activity#org.firstinspires.inspection.DsInspectionActivity
ADDED from [:Inspection-release:] AndroidManifest.xml:20:9-24:20
	android:label
		ADDED from [:Inspection-release:] AndroidManifest.xml:23:13-56
	android:configChanges
		ADDED from [:Inspection-release:] AndroidManifest.xml:22:13-59
	android:name
		ADDED from [:Inspection-release:] AndroidManifest.xml:21:13-77
activity#org.firstinspires.inspection.RcInspectionActivity
ADDED from [:Inspection-release:] AndroidManifest.xml:25:9-29:20
	android:label
		ADDED from [:Inspection-release:] AndroidManifest.xml:28:13-56
	android:configChanges
		ADDED from [:Inspection-release:] AndroidManifest.xml:27:13-59
	android:name
		ADDED from [:Inspection-release:] AndroidManifest.xml:26:13-77
uses-permission#android.permission.WRITE_EXTERNAL_STORAGE
ADDED from [:Blocks-release:] AndroidManifest.xml:11:5-13:35
MERGED from [:RobotCore-release:] AndroidManifest.xml:27:5-29:35
MERGED from [:FtcCommon-release:] AndroidManifest.xml:12:5-14:35
MERGED from [:Analytics-release:] AndroidManifest.xml:9:5-11:35
	android:required
		ADDED from [:Blocks-release:] AndroidManifest.xml:13:9-32
	android:name
		ADDED from [:Blocks-release:] AndroidManifest.xml:12:9-65
uses-permission#android.permission.READ_EXTERNAL_STORAGE
ADDED from [:Blocks-release:] AndroidManifest.xml:14:5-16:35
MERGED from [:RobotCore-release:] AndroidManifest.xml:30:5-32:35
MERGED from [:FtcCommon-release:] AndroidManifest.xml:15:5-17:35
	android:required
		ADDED from [:Blocks-release:] AndroidManifest.xml:16:9-32
	android:name
		ADDED from [:Blocks-release:] AndroidManifest.xml:15:9-64
activity#com.google.blocks.ftcrobotcontroller.ProgrammingModeActivity
ADDED from [:Blocks-release:] AndroidManifest.xml:19:9-23:20
	android:label
		ADDED from [:Blocks-release:] AndroidManifest.xml:22:13-62
	android:configChanges
		ADDED from [:Blocks-release:] AndroidManifest.xml:21:13-59
	android:name
		ADDED from [:Blocks-release:] AndroidManifest.xml:20:13-88
activity#org.firstinspires.ftc.ftccommon.internal.ProgramAndManageActivity
ADDED from [:Blocks-release:] AndroidManifest.xml:24:9-28:20
	android:label
		ADDED from [:Blocks-release:] AndroidManifest.xml:27:13-64
	android:configChanges
		ADDED from [:Blocks-release:] AndroidManifest.xml:26:13-59
	android:name
		ADDED from [:Blocks-release:] AndroidManifest.xml:25:13-93
activity#com.google.blocks.ftcdriverstation.RemoteProgrammingModeActivity
ADDED from [:Blocks-release:] AndroidManifest.xml:29:9-33:20
	android:label
		ADDED from [:Blocks-release:] AndroidManifest.xml:32:13-62
	android:configChanges
		ADDED from [:Blocks-release:] AndroidManifest.xml:31:13-59
	android:name
		ADDED from [:Blocks-release:] AndroidManifest.xml:30:13-92
activity#com.google.blocks.ftcrobotcontroller.BlocksActivity
ADDED from [:Blocks-release:] AndroidManifest.xml:34:9-38:20
	android:label
		ADDED from [:Blocks-release:] AndroidManifest.xml:37:13-52
	android:configChanges
		ADDED from [:Blocks-release:] AndroidManifest.xml:36:13-59
	android:name
		ADDED from [:Blocks-release:] AndroidManifest.xml:35:13-79
uses-permission#android.permission.WRITE_SETTINGS
ADDED from [:RobotCore-release:] AndroidManifest.xml:33:5-35:35
MERGED from [:FtcCommon-release:] AndroidManifest.xml:18:5-20:35
	android:required
		ADDED from [:RobotCore-release:] AndroidManifest.xml:35:9-32
	android:name
		ADDED from [:RobotCore-release:] AndroidManifest.xml:34:9-57
uses-permission#android.permission.SERIAL_PORT
ADDED from [:RobotCore-release:] AndroidManifest.xml:36:5-38:35
	android:required
		ADDED from [:RobotCore-release:] AndroidManifest.xml:38:9-32
	android:name
		ADDED from [:RobotCore-release:] AndroidManifest.xml:37:9-54
uses-permission#android.permission.WAKE_LOCK
ADDED from [:RobotCore-release:] AndroidManifest.xml:45:5-47:35
	android:required
		ADDED from [:RobotCore-release:] AndroidManifest.xml:47:9-32
	android:name
		ADDED from [:RobotCore-release:] AndroidManifest.xml:46:9-52
uses-permission#android.permission.CAMERA
ADDED from [:RobotCore-release:] AndroidManifest.xml:48:5-65
	android:name
		ADDED from [:RobotCore-release:] AndroidManifest.xml:48:22-62
uses-feature#android.hardware.usb.accessory
ADDED from [:RobotCore-release:] AndroidManifest.xml:50:5-67
	android:name
		ADDED from [:RobotCore-release:] AndroidManifest.xml:50:19-64
uses-feature#0x00020000
ADDED from [:RobotCore-release:] AndroidManifest.xml:51:5-54
	android:glEsVersion
		ADDED from [:RobotCore-release:] AndroidManifest.xml:51:19-51
uses-feature#android.hardware.camera
ADDED from [:RobotCore-release:] AndroidManifest.xml:65:5-60
	android:name
		ADDED from [:RobotCore-release:] AndroidManifest.xml:65:19-57
service#org.firstinspires.ftc.robotcore.internal.files.MediaTransferProtocolMonitorService
ADDED from [:RobotCore-release:] AndroidManifest.xml:70:9-72:38
	android:enabled
		ADDED from [:RobotCore-release:] AndroidManifest.xml:72:13-35
	android:name
		ADDED from [:RobotCore-release:] AndroidManifest.xml:71:13-110
meta-data#autoStartService.org.firstinspires.ftc.robotcore.internal.files.MediaTransferProtocolMonitorService
ADDED from [:RobotCore-release:] AndroidManifest.xml:74:9-76:41
	android:value
		ADDED from [:RobotCore-release:] AndroidManifest.xml:76:13-38
	android:name
		ADDED from [:RobotCore-release:] AndroidManifest.xml:75:13-127
service#org.firstinspires.ftc.robotcore.internal.opmode.OnBotJavaService
ADDED from [:RobotCore-release:] AndroidManifest.xml:79:9-81:38
	android:enabled
		ADDED from [:RobotCore-release:] AndroidManifest.xml:81:13-35
	android:name
		ADDED from [:RobotCore-release:] AndroidManifest.xml:80:13-92
meta-data#autoStartService.org.firstinspires.ftc.robotcore.internal.opmode.OnBotJavaService
ADDED from [:RobotCore-release:] AndroidManifest.xml:83:9-85:39
	android:value
		ADDED from [:RobotCore-release:] AndroidManifest.xml:85:13-36
	android:name
		ADDED from [:RobotCore-release:] AndroidManifest.xml:84:13-109
activity#com.qualcomm.ftccommon.FtcRobotControllerSettingsActivity
ADDED from [:FtcCommon-release:] AndroidManifest.xml:25:9-29:20
	android:label
		ADDED from [:FtcCommon-release:] AndroidManifest.xml:28:13-54
	android:exported
		ADDED from [:FtcCommon-release:] AndroidManifest.xml:27:13-36
	android:name
		ADDED from [:FtcCommon-release:] AndroidManifest.xml:26:13-85
activity#com.qualcomm.ftccommon.configuration.FtcLoadFileActivity
ADDED from [:FtcCommon-release:] AndroidManifest.xml:30:9-35:20
	android:label
		ADDED from [:FtcCommon-release:] AndroidManifest.xml:34:13-55
	android:exported
		ADDED from [:FtcCommon-release:] AndroidManifest.xml:33:13-36
	android:configChanges
		ADDED from [:FtcCommon-release:] AndroidManifest.xml:32:13-59
	android:name
		ADDED from [:FtcCommon-release:] AndroidManifest.xml:31:13-84
activity#com.qualcomm.ftccommon.configuration.ConfigureFromTemplateActivity
ADDED from [:FtcCommon-release:] AndroidManifest.xml:36:9-41:20
	android:label
		ADDED from [:FtcCommon-release:] AndroidManifest.xml:40:13-70
	android:exported
		ADDED from [:FtcCommon-release:] AndroidManifest.xml:39:13-36
	android:configChanges
		ADDED from [:FtcCommon-release:] AndroidManifest.xml:38:13-59
	android:name
		ADDED from [:FtcCommon-release:] AndroidManifest.xml:37:13-94
activity#com.qualcomm.ftccommon.ViewLogsActivity
ADDED from [:FtcCommon-release:] AndroidManifest.xml:42:9-47:20
	android:label
		ADDED from [:FtcCommon-release:] AndroidManifest.xml:46:13-55
	android:exported
		ADDED from [:FtcCommon-release:] AndroidManifest.xml:45:13-36
	android:configChanges
		ADDED from [:FtcCommon-release:] AndroidManifest.xml:44:13-59
	android:name
		ADDED from [:FtcCommon-release:] AndroidManifest.xml:43:13-67
activity#com.qualcomm.ftccommon.configuration.FtcConfigurationActivity
ADDED from [:FtcCommon-release:] AndroidManifest.xml:48:9-52:20
	android:label
		ADDED from [:FtcCommon-release:] AndroidManifest.xml:51:13-45
	android:configChanges
		ADDED from [:FtcCommon-release:] AndroidManifest.xml:50:13-59
	android:name
		ADDED from [:FtcCommon-release:] AndroidManifest.xml:49:13-89
activity#com.qualcomm.ftccommon.configuration.FtcNewFileActivity
ADDED from [:FtcCommon-release:] AndroidManifest.xml:53:9-57:20
	android:label
		ADDED from [:FtcCommon-release:] AndroidManifest.xml:56:13-45
	android:configChanges
		ADDED from [:FtcCommon-release:] AndroidManifest.xml:55:13-59
	android:name
		ADDED from [:FtcCommon-release:] AndroidManifest.xml:54:13-83
activity#com.qualcomm.ftccommon.ConfigWifiDirectActivity
ADDED from [:FtcCommon-release:] AndroidManifest.xml:58:9-61:73
	android:label
		ADDED from [:FtcCommon-release:] AndroidManifest.xml:61:13-70
	android:exported
		ADDED from [:FtcCommon-release:] AndroidManifest.xml:60:13-36
	android:name
		ADDED from [:FtcCommon-release:] AndroidManifest.xml:59:13-75
activity#com.qualcomm.ftccommon.FtcAdvancedRCSettingsActivity
ADDED from [:FtcCommon-release:] AndroidManifest.xml:62:9-66:20
	android:label
		ADDED from [:FtcCommon-release:] AndroidManifest.xml:65:13-60
	android:exported
		ADDED from [:FtcCommon-release:] AndroidManifest.xml:64:13-36
	android:name
		ADDED from [:FtcCommon-release:] AndroidManifest.xml:63:13-80
activity#com.qualcomm.ftccommon.FtcLynxFirmwareUpdateActivity
ADDED from [:FtcCommon-release:] AndroidManifest.xml:67:9-70:20
	android:exported
		ADDED from [:FtcCommon-release:] AndroidManifest.xml:69:13-36
	android:name
		ADDED from [:FtcCommon-release:] AndroidManifest.xml:68:13-80
activity#com.qualcomm.ftccommon.FtcLynxModuleAddressUpdateActivity
ADDED from [:FtcCommon-release:] AndroidManifest.xml:71:9-74:20
	android:exported
		ADDED from [:FtcCommon-release:] AndroidManifest.xml:73:13-36
	android:name
		ADDED from [:FtcCommon-release:] AndroidManifest.xml:72:13-85
activity#com.qualcomm.ftccommon.FtcWifiDirectChannelSelectorActivity
ADDED from [:FtcCommon-release:] AndroidManifest.xml:75:9-79:20
	android:label
		ADDED from [:FtcCommon-release:] AndroidManifest.xml:78:13-73
	android:exported
		ADDED from [:FtcCommon-release:] AndroidManifest.xml:77:13-36
	android:name
		ADDED from [:FtcCommon-release:] AndroidManifest.xml:76:13-87
activity#com.qualcomm.ftccommon.FtcWifiDirectRememberedGroupsActivity
ADDED from [:FtcCommon-release:] AndroidManifest.xml:80:9-84:20
	android:label
		ADDED from [:FtcCommon-release:] AndroidManifest.xml:83:13-81
	android:exported
		ADDED from [:FtcCommon-release:] AndroidManifest.xml:82:13-36
	android:name
		ADDED from [:FtcCommon-release:] AndroidManifest.xml:81:13-88
activity#com.qualcomm.ftccommon.AboutActivity
ADDED from [:FtcCommon-release:] AndroidManifest.xml:85:9-88:20
	android:label
		ADDED from [:FtcCommon-release:] AndroidManifest.xml:87:13-51
	android:name
		ADDED from [:FtcCommon-release:] AndroidManifest.xml:86:13-64
activity#com.qualcomm.ftccommon.configuration.EditSwapUsbDevices
ADDED from [:FtcCommon-release:] AndroidManifest.xml:89:9-94:20
	android:label
		ADDED from [:FtcCommon-release:] AndroidManifest.xml:92:13-63
	android:windowSoftInputMode
		ADDED from [:FtcCommon-release:] AndroidManifest.xml:93:13-54
	android:configChanges
		ADDED from [:FtcCommon-release:] AndroidManifest.xml:91:13-59
	android:name
		ADDED from [:FtcCommon-release:] AndroidManifest.xml:90:13-83
activity#com.qualcomm.ftccommon.configuration.EditMotorControllerActivity
ADDED from [:FtcCommon-release:] AndroidManifest.xml:95:9-100:20
	android:label
		ADDED from [:FtcCommon-release:] AndroidManifest.xml:98:13-67
	android:windowSoftInputMode
		ADDED from [:FtcCommon-release:] AndroidManifest.xml:99:13-54
	android:configChanges
		ADDED from [:FtcCommon-release:] AndroidManifest.xml:97:13-59
	android:name
		ADDED from [:FtcCommon-release:] AndroidManifest.xml:96:13-92
activity#com.qualcomm.ftccommon.configuration.EditLegacyMotorControllerActivity
ADDED from [:FtcCommon-release:] AndroidManifest.xml:101:9-106:20
	android:label
		ADDED from [:FtcCommon-release:] AndroidManifest.xml:104:13-67
	android:windowSoftInputMode
		ADDED from [:FtcCommon-release:] AndroidManifest.xml:105:13-54
	android:configChanges
		ADDED from [:FtcCommon-release:] AndroidManifest.xml:103:13-59
	android:name
		ADDED from [:FtcCommon-release:] AndroidManifest.xml:102:13-98
activity#com.qualcomm.ftccommon.configuration.EditMotorListActivity
ADDED from [:FtcCommon-release:] AndroidManifest.xml:107:9-112:20
	android:label
		ADDED from [:FtcCommon-release:] AndroidManifest.xml:110:13-67
	android:windowSoftInputMode
		ADDED from [:FtcCommon-release:] AndroidManifest.xml:111:13-54
	android:configChanges
		ADDED from [:FtcCommon-release:] AndroidManifest.xml:109:13-59
	android:name
		ADDED from [:FtcCommon-release:] AndroidManifest.xml:108:13-86
activity#com.qualcomm.ftccommon.configuration.EditServoControllerActivity
ADDED from [:FtcCommon-release:] AndroidManifest.xml:113:9-118:20
	android:label
		ADDED from [:FtcCommon-release:] AndroidManifest.xml:116:13-67
	android:windowSoftInputMode
		ADDED from [:FtcCommon-release:] AndroidManifest.xml:117:13-67
	android:configChanges
		ADDED from [:FtcCommon-release:] AndroidManifest.xml:115:13-59
	android:name
		ADDED from [:FtcCommon-release:] AndroidManifest.xml:114:13-92
activity#com.qualcomm.ftccommon.configuration.EditLegacyServoControllerActivity
ADDED from [:FtcCommon-release:] AndroidManifest.xml:119:9-124:20
	android:label
		ADDED from [:FtcCommon-release:] AndroidManifest.xml:122:13-67
	android:windowSoftInputMode
		ADDED from [:FtcCommon-release:] AndroidManifest.xml:123:13-67
	android:configChanges
		ADDED from [:FtcCommon-release:] AndroidManifest.xml:121:13-59
	android:name
		ADDED from [:FtcCommon-release:] AndroidManifest.xml:120:13-98
activity#com.qualcomm.ftccommon.configuration.EditServoListActivity
ADDED from [:FtcCommon-release:] AndroidManifest.xml:125:9-130:20
	android:label
		ADDED from [:FtcCommon-release:] AndroidManifest.xml:128:13-67
	android:windowSoftInputMode
		ADDED from [:FtcCommon-release:] AndroidManifest.xml:129:13-67
	android:configChanges
		ADDED from [:FtcCommon-release:] AndroidManifest.xml:127:13-59
	android:name
		ADDED from [:FtcCommon-release:] AndroidManifest.xml:126:13-86
activity#com.qualcomm.ftccommon.configuration.EditLegacyModuleControllerActivity
ADDED from [:FtcCommon-release:] AndroidManifest.xml:131:9-136:20
	android:label
		ADDED from [:FtcCommon-release:] AndroidManifest.xml:134:13-75
	android:windowSoftInputMode
		ADDED from [:FtcCommon-release:] AndroidManifest.xml:135:13-67
	android:configChanges
		ADDED from [:FtcCommon-release:] AndroidManifest.xml:133:13-59
	android:name
		ADDED from [:FtcCommon-release:] AndroidManifest.xml:132:13-99
activity#com.qualcomm.ftccommon.configuration.EditMatrixControllerActivity
ADDED from [:FtcCommon-release:] AndroidManifest.xml:137:9-142:20
	android:label
		ADDED from [:FtcCommon-release:] AndroidManifest.xml:140:13-68
	android:windowSoftInputMode
		ADDED from [:FtcCommon-release:] AndroidManifest.xml:141:13-67
	android:configChanges
		ADDED from [:FtcCommon-release:] AndroidManifest.xml:139:13-59
	android:name
		ADDED from [:FtcCommon-release:] AndroidManifest.xml:138:13-93
activity#com.qualcomm.ftccommon.configuration.EditDeviceInterfaceModuleActivity
ADDED from [:FtcCommon-release:] AndroidManifest.xml:143:9-148:20
	android:label
		ADDED from [:FtcCommon-release:] AndroidManifest.xml:146:13-90
	android:windowSoftInputMode
		ADDED from [:FtcCommon-release:] AndroidManifest.xml:147:13-67
	android:configChanges
		ADDED from [:FtcCommon-release:] AndroidManifest.xml:145:13-59
	android:name
		ADDED from [:FtcCommon-release:] AndroidManifest.xml:144:13-98
activity#com.qualcomm.ftccommon.configuration.EditLynxModuleActivity
ADDED from [:FtcCommon-release:] AndroidManifest.xml:149:9-154:20
	android:label
		ADDED from [:FtcCommon-release:] AndroidManifest.xml:152:13-73
	android:windowSoftInputMode
		ADDED from [:FtcCommon-release:] AndroidManifest.xml:153:13-67
	android:configChanges
		ADDED from [:FtcCommon-release:] AndroidManifest.xml:151:13-59
	android:name
		ADDED from [:FtcCommon-release:] AndroidManifest.xml:150:13-87
activity#com.qualcomm.ftccommon.configuration.EditLynxUsbDeviceActivity
ADDED from [:FtcCommon-release:] AndroidManifest.xml:155:9-160:20
	android:label
		ADDED from [:FtcCommon-release:] AndroidManifest.xml:158:13-66
	android:windowSoftInputMode
		ADDED from [:FtcCommon-release:] AndroidManifest.xml:159:13-67
	android:configChanges
		ADDED from [:FtcCommon-release:] AndroidManifest.xml:157:13-59
	android:name
		ADDED from [:FtcCommon-release:] AndroidManifest.xml:156:13-90
activity#com.qualcomm.ftccommon.configuration.EditPWMDevicesActivity
ADDED from [:FtcCommon-release:] AndroidManifest.xml:161:9-166:20
	android:label
		ADDED from [:FtcCommon-release:] AndroidManifest.xml:164:13-62
	android:windowSoftInputMode
		ADDED from [:FtcCommon-release:] AndroidManifest.xml:165:13-67
	android:configChanges
		ADDED from [:FtcCommon-release:] AndroidManifest.xml:163:13-59
	android:name
		ADDED from [:FtcCommon-release:] AndroidManifest.xml:162:13-87
activity#com.qualcomm.ftccommon.configuration.EditAnalogInputDevicesActivity
ADDED from [:FtcCommon-release:] AndroidManifest.xml:167:9-172:20
	android:label
		ADDED from [:FtcCommon-release:] AndroidManifest.xml:170:13-71
	android:windowSoftInputMode
		ADDED from [:FtcCommon-release:] AndroidManifest.xml:171:13-67
	android:configChanges
		ADDED from [:FtcCommon-release:] AndroidManifest.xml:169:13-59
	android:name
		ADDED from [:FtcCommon-release:] AndroidManifest.xml:168:13-95
activity#com.qualcomm.ftccommon.configuration.EditDigitalDevicesActivity
ADDED from [:FtcCommon-release:] AndroidManifest.xml:173:9-178:20
	android:label
		ADDED from [:FtcCommon-release:] AndroidManifest.xml:176:13-66
	android:windowSoftInputMode
		ADDED from [:FtcCommon-release:] AndroidManifest.xml:177:13-67
	android:configChanges
		ADDED from [:FtcCommon-release:] AndroidManifest.xml:175:13-59
	android:name
		ADDED from [:FtcCommon-release:] AndroidManifest.xml:174:13-91
activity#com.qualcomm.ftccommon.configuration.EditDigitalDevicesActivityLynx
ADDED from [:FtcCommon-release:] AndroidManifest.xml:179:9-184:20
	android:label
		ADDED from [:FtcCommon-release:] AndroidManifest.xml:182:13-71
	android:windowSoftInputMode
		ADDED from [:FtcCommon-release:] AndroidManifest.xml:183:13-67
	android:configChanges
		ADDED from [:FtcCommon-release:] AndroidManifest.xml:181:13-59
	android:name
		ADDED from [:FtcCommon-release:] AndroidManifest.xml:180:13-95
activity#com.qualcomm.ftccommon.configuration.EditI2cDevicesActivity
ADDED from [:FtcCommon-release:] AndroidManifest.xml:185:9-190:20
	android:label
		ADDED from [:FtcCommon-release:] AndroidManifest.xml:188:13-62
	android:windowSoftInputMode
		ADDED from [:FtcCommon-release:] AndroidManifest.xml:189:13-67
	android:configChanges
		ADDED from [:FtcCommon-release:] AndroidManifest.xml:187:13-59
	android:name
		ADDED from [:FtcCommon-release:] AndroidManifest.xml:186:13-87
activity#com.qualcomm.ftccommon.configuration.EditI2cDevicesActivityLynx
ADDED from [:FtcCommon-release:] AndroidManifest.xml:191:9-196:20
	android:label
		ADDED from [:FtcCommon-release:] AndroidManifest.xml:194:13-62
	android:windowSoftInputMode
		ADDED from [:FtcCommon-release:] AndroidManifest.xml:195:13-67
	android:configChanges
		ADDED from [:FtcCommon-release:] AndroidManifest.xml:193:13-59
	android:name
		ADDED from [:FtcCommon-release:] AndroidManifest.xml:192:13-91
activity#com.qualcomm.ftccommon.configuration.EditAnalogOutputDevicesActivity
ADDED from [:FtcCommon-release:] AndroidManifest.xml:197:9-202:20
	android:label
		ADDED from [:FtcCommon-release:] AndroidManifest.xml:200:13-72
	android:windowSoftInputMode
		ADDED from [:FtcCommon-release:] AndroidManifest.xml:201:13-67
	android:configChanges
		ADDED from [:FtcCommon-release:] AndroidManifest.xml:199:13-59
	android:name
		ADDED from [:FtcCommon-release:] AndroidManifest.xml:198:13-96
receiver#org.firstinspires.ftc.ftccommon.internal.RunOnBoot
ADDED from [:FtcCommon-release:] AndroidManifest.xml:205:9-216:20
	android:enabled
		ADDED from [:FtcCommon-release:] AndroidManifest.xml:207:13-35
	android:exported
		ADDED from [:FtcCommon-release:] AndroidManifest.xml:208:13-36
	android:permission
		ADDED from [:FtcCommon-release:] AndroidManifest.xml:209:13-75
	android:name
		ADDED from [:FtcCommon-release:] AndroidManifest.xml:206:13-78
intent-filter#android.intent.action.BOOT_COMPLETED+android.intent.action.QUICKBOOT_POWERON+android.intent.category.DEFAULT
ADDED from [:FtcCommon-release:] AndroidManifest.xml:210:13-215:29
category#android.intent.category.DEFAULT
ADDED from [:FtcCommon-release:] AndroidManifest.xml:211:17-76
	android:name
		ADDED from [:FtcCommon-release:] AndroidManifest.xml:211:27-73
action#android.intent.action.BOOT_COMPLETED
ADDED from [:FtcCommon-release:] AndroidManifest.xml:213:17-79
	android:name
		ADDED from [:FtcCommon-release:] AndroidManifest.xml:213:25-76
action#android.intent.action.QUICKBOOT_POWERON
ADDED from [:FtcCommon-release:] AndroidManifest.xml:214:17-82
	android:name
		ADDED from [:FtcCommon-release:] AndroidManifest.xml:214:25-79
service#org.firstinspires.ftc.ftccommon.internal.FtcRobotControllerWatchdogService
ADDED from [:FtcCommon-release:] AndroidManifest.xml:219:9-221:38
	android:enabled
		ADDED from [:FtcCommon-release:] AndroidManifest.xml:221:13-35
	android:name
		ADDED from [:FtcCommon-release:] AndroidManifest.xml:220:13-102
uses-library#android.test.runner
ADDED from [:Analytics-release:] AndroidManifest.xml:23:9-60
	android:name
		ADDED from [:Analytics-release:] AndroidManifest.xml:23:23-57